<?xml version="1.0" encoding="UTF-8"?>
<testng-results skipped="0" failed="0" total="1" passed="1">
  <reporter-output>
  </reporter-output>
  <suite name="Default suite" duration-ms="43" started-at="2019-07-06T09:13:48Z" finished-at="2019-07-06T09:13:48Z">
    <groups>
    </groups>
    <test name="Default test" duration-ms="43" started-at="2019-07-06T09:13:48Z" finished-at="2019-07-06T09:13:48Z">
      <class name="AutoITFileUpload">
        <test-method status="PASS" signature="fileUpload()[pri:0, instance:AutoITFileUpload@7907ec20]" name="fileUpload" duration-ms="15" started-at="2019-07-06T14:43:48Z" finished-at="2019-07-06T14:43:48Z">
          <reporter-output>
          </reporter-output>
        </test-method> <!-- fileUpload -->
      </class> <!-- AutoITFileUpload -->
    </test> <!-- Default test -->
  </suite> <!-- Default suite -->
</testng-results>
