<?xml version="1.0" encoding="UTF-8"?>
<testng-results skipped="0" failed="0" total="1" passed="1">
  <reporter-output>
  </reporter-output>
  <suite name="Default suite" duration-ms="77269" started-at="2019-07-06T05:42:28Z" finished-at="2019-07-06T05:43:45Z">
    <groups>
    </groups>
    <test name="Default test" duration-ms="77269" started-at="2019-07-06T05:42:28Z" finished-at="2019-07-06T05:43:45Z">
      <class name="AutoITFileUpload">
        <test-method status="PASS" signature="fileUpload()[pri:0, instance:AutoITFileUpload@4520ebad]" name="fileUpload" duration-ms="77213" started-at="2019-07-06T11:12:28Z" finished-at="2019-07-06T11:13:45Z">
          <reporter-output>
          </reporter-output>
        </test-method> <!-- fileUpload -->
      </class> <!-- AutoITFileUpload -->
    </test> <!-- Default test -->
  </suite> <!-- Default suite -->
</testng-results>
