<?xml version="1.0" encoding="UTF-8"?>
<testng-results skipped="0" failed="0" total="1" passed="1">
  <reporter-output>
  </reporter-output>
  <suite name="Default suite" duration-ms="51" started-at="2019-07-06T14:39:38Z" finished-at="2019-07-06T14:39:38Z">
    <groups>
    </groups>
    <test name="Default test" duration-ms="51" started-at="2019-07-06T14:39:38Z" finished-at="2019-07-06T14:39:38Z">
      <class name="javainterview">
        <test-method status="PASS" signature="pattran2()[pri:0, instance:javainterview@51efea79]" name="pattran2" duration-ms="18" started-at="2019-07-06T20:09:38Z" finished-at="2019-07-06T20:09:38Z">
          <reporter-output>
          </reporter-output>
        </test-method> <!-- pattran2 -->
      </class> <!-- javainterview -->
    </test> <!-- Default test -->
  </suite> <!-- Default suite -->
</testng-results>
